# JRE version: Java(TM) SE Runtime Environment (7.0_71-b14) (build 1.7.0_71-b14)
# Java VM: Java HotSpot(TM) Client VM (24.71-b01 mixed mode windows-x86 )
Heap
 par new generation   total 18432K, used 7030K [0x04200000, 0x05600000, 0x0eca0000)
  eden space 16384K,  37% used [0x04200000, 0x047f2700, 0x05200000)
  from space 2048K,  45% used [0x05200000, 0x052eb4c8, 0x05400000)
  to   space 2048K,   0% used [0x05400000, 0x05400000, 0x05600000)
 concurrent mark-sweep generation total 48820K, used 43739K [0x0eca0000, 0x11c4d000, 0x24200000)
 concurrent-mark-sweep perm gen total 62632K, used 43291K [0x24200000, 0x27f2a000, 0x28200000)
GC Heap History (10 events):
Event: 27.000 GC heap before
{Heap before GC invocations=33 (full 7):
 par new generation   total 18432K, used 18394K [0x04200000, 0x05600000, 0x0eca0000)
  eden space 16384K, 100% used [0x04200000, 0x05200000, 0x05200000)
  from space 2048K,  98% used [0x05400000, 0x055f6900, 0x05600000)
  to   space 2048K,   0% used [0x05200000, 0x05200000, 0x05400000)
 concurrent mark-sweep generation total 48820K, used 38692K [0x0eca0000, 0x11c4d000, 0x24200000)
 concurrent-mark-sweep perm gen total 62632K, used 39514K [0x24200000, 0x27f2a000, 0x28200000)
Event: 27.009 GC heap after
Heap after GC invocations=34 (full 7):
 par new generation   total 18432K, used 2048K [0x04200000, 0x05600000, 0x0eca0000)
  eden space 16384K,   0% used [0x04200000, 0x04200000, 0x05200000)
  from space 2048K, 100% used [0x05200000, 0x05400000, 0x05400000)
  to   space 2048K,   0% used [0x05400000, 0x05400000, 0x05600000)
 concurrent mark-sweep generation total 48820K, used 39440K [0x0eca0000, 0x11c4d000, 0x24200000)
 concurrent-mark-sweep perm gen total 62632K, used 39514K [0x24200000, 0x27f2a000, 0x28200000)
}
Event: 48.714 GC heap before
{Heap before GC invocations=34 (full 7):
 par new generation   total 18432K, used 18122K [0x04200000, 0x05600000, 0x0eca0000)
  eden space 16384K,  98% used [0x04200000, 0x051b2810, 0x05200000)
  from space 2048K, 100% used [0x05200000, 0x05400000, 0x05400000)
  to   space 2048K,   0% used [0x05400000, 0x05400000, 0x05600000)
 concurrent mark-sweep generation total 48820K, used 39440K [0x0eca0000, 0x11c4d000, 0x24200000)
 concurrent-mark-sweep perm gen total 62632K, used 42148K [0x24200000, 0x27f2a000, 0x28200000)
Event: 48.725 GC heap after
Heap after GC invocations=35 (full 7):
 par new generation   total 18432K, used 2048K [0x04200000, 0x05600000, 0x0eca0000)
  eden space 16384K,   0% used [0x04200000, 0x04200000, 0x05200000)
  from space 2048K, 100% used [0x05400000, 0x05600000, 0x05600000)
  to   space 2048K,   0% used [0x05200000, 0x05200000, 0x05400000)
 concurrent mark-sweep generation total 48820K, used 41542K [0x0eca0000, 0x11c4d000, 0x24200000)
 concurrent-mark-sweep perm gen total 62632K, used 42148K [0x24200000, 0x27f2a000, 0x28200000)
}
Event: 66.086 GC heap before
{Heap before GC invocations=35 (full 7):
 par new generation   total 18432K, used 18432K [0x04200000, 0x05600000, 0x0eca0000)
  eden space 16384K, 100% used [0x04200000, 0x05200000, 0x05200000)
  from space 2048K, 100% used [0x05400000, 0x05600000, 0x05600000)
  to   space 2048K,   0% used [0x05200000, 0x05200000, 0x05400000)
 concurrent mark-sweep generation total 48820K, used 41542K [0x0eca0000, 0x11c4d000, 0x24200000)
 concurrent-mark-sweep perm gen total 62632K, used 42653K [0x24200000, 0x27f2a000, 0x28200000)
Event: 66.092 GC heap after
Heap after GC invocations=36 (full 7):
 par new generation   total 18432K, used 1471K [0x04200000, 0x05600000, 0x0eca0000)
  eden space 16384K,   0% used [0x04200000, 0x04200000, 0x05200000)
  from space 2048K,  71% used [0x05200000, 0x0536fe38, 0x05400000)
  to   space 2048K,   0% used [0x05400000, 0x05400000, 0x05600000)
 concurrent mark-sweep generation total 48820K, used 43157K [0x0eca0000, 0x11c4d000, 0x24200000)
 concurrent-mark-sweep perm gen total 62632K, used 42653K [0x24200000, 0x27f2a000, 0x28200000)
}
Event: 97.606 GC heap before
{Heap before GC invocations=36 (full 7):
 par new generation   total 18432K, used 17855K [0x04200000, 0x05600000, 0x0eca0000)
  eden space 16384K, 100% used [0x04200000, 0x05200000, 0x05200000)
  from space 2048K,  71% used [0x05200000, 0x0536fe38, 0x05400000)
  to   space 2048K,   0% used [0x05400000, 0x05400000, 0x05600000)
 concurrent mark-sweep generation total 48820K, used 43157K [0x0eca0000, 0x11c4d000, 0x24200000)
 concurrent-mark-sweep perm gen total 62632K, used 42653K [0x24200000, 0x27f2a000, 0x28200000)
Event: 97.611 GC heap after
Heap after GC invocations=37 (full 7):
 par new generation   total 18432K, used 854K [0x04200000, 0x05600000, 0x0eca0000)
  eden space 16384K,   0% used [0x04200000, 0x04200000, 0x05200000)
  from space 2048K,  41% used [0x05400000, 0x054d58d8, 0x05600000)
  to   space 2048K,   0% used [0x05200000, 0x05200000, 0x05400000)
 concurrent mark-sweep generation total 48820K, used 43739K [0x0eca0000, 0x11c4d000, 0x24200000)
 concurrent-mark-sweep perm gen total 62632K, used 42653K [0x24200000, 0x27f2a000, 0x28200000)
}
Event: 110.706 GC heap before
{Heap before GC invocations=37 (full 7):
 par new generation   total 18432K, used 17238K [0x04200000, 0x05600000, 0x0eca0000)
  eden space 16384K, 100% used [0x04200000, 0x05200000, 0x05200000)
  from space 2048K,  41% used [0x05400000, 0x054d58d8, 0x05600000)
  to   space 2048K,   0% used [0x05200000, 0x05200000, 0x05400000)
 concurrent mark-sweep generation total 48820K, used 43739K [0x0eca0000, 0x11c4d000, 0x24200000)
 concurrent-mark-sweep perm gen total 62632K, used 42831K [0x24200000, 0x27f2a000, 0x28200000)
Event: 110.710 GC heap after
Heap after GC invocations=38 (full 7):
 par new generation   total 18432K, used 941K [0x04200000, 0x05600000, 0x0eca0000)
  eden space 16384K,   0% used [0x04200000, 0x04200000, 0x05200000)
  from space 2048K,  45% used [0x05200000, 0x052eb4c8, 0x05400000)
  to   space 2048K,   0% used [0x05400000, 0x05400000, 0x05600000)
 concurrent mark-sweep generation total 48820K, used 43739K [0x0eca0000, 0x11c4d000, 0x24200000)
 concurrent-mark-sweep perm gen total 62632K, used 42831K [0x24200000, 0x27f2a000, 0x28200000)
}

